#
# There is insufficient memory for the Java Runtime Environment to continue.
# Native memory allocation (mmap) failed to map 132120576 bytes for committing reserved memory.
# Possible reasons:
#   The system is out of physical RAM or swap space
#   The process is running with CompressedOops enabled, and the Java Heap may be blocking the growth of the native heap
# Possible solutions:
#   Reduce memory load on the system
#   Increase physical memory or swap space
#   Check if swap backing store is full
#   Decrease Java heap size (-Xmx/-Xms)
#   Decrease number of Java threads
#   Decrease Java thread stack sizes (-Xss)
#   Set larger code cache with -XX:ReservedCodeCacheSize=
# This output file may be truncated or incomplete.
#
#  Out of Memory Error (os_linux.cpp:2976), pid=40742, tid=40743
#
# JRE version:  (11.0.11+9) (build )
# Java VM: OpenJDK 64-Bit Server VM (11.0.11+9-b1341.57, mixed mode, sharing, tiered, compressed oops, g1 gc, linux-amd64)
# Core dump will be written. Default location: Core dumps may be processed with "/usr/share/apport/apport %p %s %c %d %P %E" (or dumping to /home/wxuser/develop/workspace/go/src/PlatONE-Go/core.40742)
#

---------------  S U M M A R Y ------------

Command Line: org.jetbrains.git4idea.http.GitAskPassApp Username for 'https://git-c.i.wxblockchain.com': 

Host: Intel(R) Xeon(R) CPU E5-2650 v4 @ 2.20GHz, 8 cores, 7G, Ubuntu 18.04.3 LTS
Time: Mon Aug  9 09:53:38 2021 CST elapsed time: 0.091631 seconds (0d 0h 0m 0s)

---------------  T H R E A D  ---------------

Current thread (0x00007f9f10028800):  JavaThread "Unknown thread" [_thread_in_vm, id=40743, stack(0x00007f9f17f5a000,0x00007f9f1805b000)]

Stack: [0x00007f9f17f5a000,0x00007f9f1805b000],  sp=0x00007f9f18059210,  free space=1020k
Native frames: (J=compiled Java code, A=aot compiled Java code, j=interpreted, Vv=VM code, C=native code)
V  [libjvm.so+0xe5f717]  VMError::report_and_die(int, char const*, char const*, __va_list_tag*, Thread*, unsigned char*, void*, void*, char const*, int, unsigned long)+0x387
V  [libjvm.so+0xe603fb]  VMError::report_and_die(Thread*, char const*, int, unsigned long, VMErrorType, char const*, __va_list_tag*)+0x2b
V  [libjvm.so+0x687b85]  report_vm_out_of_memory(char const*, int, unsigned long, VMErrorType, char const*, ...)+0xc5
V  [libjvm.so+0xbb8498]  os::pd_commit_memory_or_exit(char*, unsigned long, unsigned long, bool, char const*)+0xd8
V  [libjvm.so+0xbae75d]  os::commit_memory_or_exit(char*, unsigned long, unsigned long, bool, char const*)+0x1d
V  [libjvm.so+0x79ee1c]  G1PageBasedVirtualSpace::commit_preferred_pages(unsigned long, unsigned long)+0x6c
V  [libjvm.so+0x79f1fe]  G1PageBasedVirtualSpace::commit(unsigned long, unsigned long)+0x19e
V  [libjvm.so+0x7a8906]  G1RegionsLargerThanCommitSizeMapper::commit_regions(unsigned int, unsigned long, WorkGang*)+0x46
V  [libjvm.so+0x821f54]  HeapRegionManager::commit_regions(unsigned int, unsigned long, WorkGang*)+0x54
V  [libjvm.so+0x822b60]  HeapRegionManager::make_regions_available(unsigned int, unsigned int, WorkGang*)+0x30
V  [libjvm.so+0x822f87]  HeapRegionManager::expand_at(unsigned int, unsigned int, WorkGang*) [clone .part.25]+0xf7
V  [libjvm.so+0x75d060]  G1CollectedHeap::expand(unsigned long, WorkGang*, double*)+0xe0
V  [libjvm.so+0x75d761]  G1CollectedHeap::initialize()+0x681
V  [libjvm.so+0xe228d1]  Universe::initialize_heap()+0x41
V  [libjvm.so+0xe22b86]  universe_init()+0x46
V  [libjvm.so+0x841eb7]  init_globals()+0x57
V  [libjvm.so+0xdfc72a]  Threads::create_vm(JavaVMInitArgs*, bool*)+0x30a
V  [libjvm.so+0x8e9d51]  JNI_CreateJavaVM+0x51
C  [libjli.so+0x3c98]  JavaMain+0x88


---------------  P R O C E S S  ---------------

Threads class SMR info:
_java_thread_list=0x00005643d416cf80, length=0, elements={
}

Java Threads: ( => current thread )

Other Threads:
  0x00007f9f10040800 GCTaskThread "GC Thread#0" [stack: 0x00007f9f14459000,0x00007f9f14559000] [id=40744]
  0x00007f9f10072800 ConcurrentGCThread "G1 Main Marker" [stack: 0x00007f9efc34d000,0x00007f9efc44d000] [id=40745]
  0x00007f9f10074800 ConcurrentGCThread "G1 Conc#0" [stack: 0x00007f9efc24b000,0x00007f9efc34b000] [id=40746]

[error occurred during error reporting (printing all threads), id 0xb, SIGSEGV (0xb) at pc=0x00007f9f164eecb0]

VM state:not at safepoint (not fully initialized)

VM Mutex/Monitor currently owned by a thread:  ([mutex/lock_event])
[0x00007f9f10024f00] Heap_lock - owner thread: 0x00007f9f10028800

Heap address: 0x0000000083c00000, size: 1988 MB, Compressed Oops mode: Non-zero based: 0x0000000083c00000
Narrow klass base: 0x0000000000000000, Narrow klass shift: 0

GC Heap History (0 events):
No events

Deoptimization events (0 events):
No events

Classes redefined (0 events):
No events

Internal exceptions (0 events):
No events

Events (2 events):
Event: 0.013 Protecting memory [0x00007f9f17f5a000,0x00007f9f17f5e000] with protection modes 0
Event: 0.018 Loaded shared library /home/wxuser/develop/ide/GoLand-2021.1.3/jbr/lib/libzip.so


Dynamic libraries:
8ba00000-100000000 ---p 00000000 00:00 0 
5643d212c000-5643d212d000 r-xp 00000000 fd:00 2492498                    /home/wxuser/develop/ide/GoLand-2021.1.3/jbr/bin/java
5643d232d000-5643d232e000 r--p 00001000 fd:00 2492498                    /home/wxuser/develop/ide/GoLand-2021.1.3/jbr/bin/java
5643d232e000-5643d232f000 rw-p 00002000 fd:00 2492498                    /home/wxuser/develop/ide/GoLand-2021.1.3/jbr/bin/java
5643d4169000-5643d418a000 rw-p 00000000 00:00 0                          [heap]
7f9ee8000000-7f9ee8021000 rw-p 00000000 00:00 0 
7f9ee8021000-7f9eec000000 ---p 00000000 00:00 0 
7f9eed73d000-7f9ef0000000 rw-p 00000000 00:00 0 
7f9ef0000000-7f9ef0021000 rw-p 00000000 00:00 0 
7f9ef0021000-7f9ef4000000 ---p 00000000 00:00 0 
7f9ef40df000-7f9ef41e0000 rw-p 00000000 00:00 0 
7f9ef41e0000-7f9ef8000000 ---p 00000000 00:00 0 
7f9ef8000000-7f9ef8021000 rw-p 00000000 00:00 0 
7f9ef8021000-7f9efc000000 ---p 00000000 00:00 0 
7f9efc047000-7f9efc249000 rw-p 00000000 00:00 0 
7f9efc249000-7f9efc24a000 ---p 00000000 00:00 0 
7f9efc24a000-7f9efc34b000 rw-p 00000000 00:00 0 
7f9efc34b000-7f9efc34c000 ---p 00000000 00:00 0 
7f9efc34c000-7f9efc44d000 rw-p 00000000 00:00 0 
7f9efc44d000-7f9efcff3000 ---p 00000000 00:00 0 
7f9efcff3000-7f9efd3f7000 rw-p 00000000 00:00 0 
7f9efd3f7000-7f9efd667000 rwxp 00000000 00:00 0 
7f9efd667000-7f9efd988000 ---p 00000000 00:00 0 
7f9efd988000-7f9efdbf8000 rwxp 00000000 00:00 0 
7f9efdbf8000-7f9f04ebf000 ---p 00000000 00:00 0 
7f9f04ebf000-7f9f0512f000 rwxp 00000000 00:00 0 
7f9f0512f000-7f9f0c3f7000 ---p 00000000 00:00 0 
7f9f0c3f7000-7f9f10000000 r--s 00000000 fd:00 2492477                    /home/wxuser/develop/ide/GoLand-2021.1.3/jbr/lib/modules
7f9f10000000-7f9f100a3000 rw-p 00000000 00:00 0 
7f9f100a3000-7f9f14000000 ---p 00000000 00:00 0 
7f9f14053000-7f9f14457000 rw-p 00000000 00:00 0 
7f9f14457000-7f9f14458000 ---p 00000000 00:00 0 
7f9f14458000-7f9f1455e000 rw-p 00000000 00:00 0 
7f9f1455e000-7f9f14644000 ---p 00000000 00:00 0 
7f9f14644000-7f9f14649000 rw-p 00000000 00:00 0 
7f9f14649000-7f9f1472f000 ---p 00000000 00:00 0 
7f9f1472f000-7f9f14736000 r-xp 00000000 fd:00 2491073                    /home/wxuser/develop/ide/GoLand-2021.1.3/jbr/lib/libzip.so
7f9f14736000-7f9f14935000 ---p 00007000 fd:00 2491073                    /home/wxuser/develop/ide/GoLand-2021.1.3/jbr/lib/libzip.so
7f9f14935000-7f9f14936000 r--p 00006000 fd:00 2491073                    /home/wxuser/develop/ide/GoLand-2021.1.3/jbr/lib/libzip.so
7f9f14936000-7f9f14937000 rw-p 00000000 00:00 0 
7f9f14937000-7f9f14942000 r-xp 00000000 fd:00 2364879                    /lib/x86_64-linux-gnu/libnss_files-2.27.so
7f9f14942000-7f9f14b41000 ---p 0000b000 fd:00 2364879                    /lib/x86_64-linux-gnu/libnss_files-2.27.so
7f9f14b41000-7f9f14b42000 r--p 0000a000 fd:00 2364879                    /lib/x86_64-linux-gnu/libnss_files-2.27.so
7f9f14b42000-7f9f14b43000 rw-p 0000b000 fd:00 2364879                    /lib/x86_64-linux-gnu/libnss_files-2.27.so
7f9f14b43000-7f9f14b49000 rw-p 00000000 00:00 0 
7f9f14b49000-7f9f14b60000 r-xp 00000000 fd:00 2364873                    /lib/x86_64-linux-gnu/libnsl-2.27.so
7f9f14b60000-7f9f14d5f000 ---p 00017000 fd:00 2364873                    /lib/x86_64-linux-gnu/libnsl-2.27.so
7f9f14d5f000-7f9f14d60000 r--p 00016000 fd:00 2364873                    /lib/x86_64-linux-gnu/libnsl-2.27.so
7f9f14d60000-7f9f14d61000 rw-p 00017000 fd:00 2364873                    /lib/x86_64-linux-gnu/libnsl-2.27.so
7f9f14d61000-7f9f14d63000 rw-p 00000000 00:00 0 
7f9f14d63000-7f9f14d6e000 r-xp 00000000 fd:00 2364890                    /lib/x86_64-linux-gnu/libnss_nis-2.27.so
7f9f14d6e000-7f9f14f6d000 ---p 0000b000 fd:00 2364890                    /lib/x86_64-linux-gnu/libnss_nis-2.27.so
7f9f14f6d000-7f9f14f6e000 r--p 0000a000 fd:00 2364890                    /lib/x86_64-linux-gnu/libnss_nis-2.27.so
7f9f14f6e000-7f9f14f6f000 rw-p 0000b000 fd:00 2364890                    /lib/x86_64-linux-gnu/libnss_nis-2.27.so
7f9f14f6f000-7f9f14f77000 r-xp 00000000 fd:00 2364875                    /lib/x86_64-linux-gnu/libnss_compat-2.27.so
7f9f14f77000-7f9f15177000 ---p 00008000 fd:00 2364875                    /lib/x86_64-linux-gnu/libnss_compat-2.27.so
7f9f15177000-7f9f15178000 r--p 00008000 fd:00 2364875                    /lib/x86_64-linux-gnu/libnss_compat-2.27.so
7f9f15178000-7f9f15179000 rw-p 00009000 fd:00 2364875                    /lib/x86_64-linux-gnu/libnss_compat-2.27.so
7f9f15179000-7f9f15194000 r-xp 00000000 fd:00 2491048                    /home/wxuser/develop/ide/GoLand-2021.1.3/jbr/lib/libjimage.so
7f9f15194000-7f9f15394000 ---p 0001b000 fd:00 2491048                    /home/wxuser/develop/ide/GoLand-2021.1.3/jbr/lib/libjimage.so
7f9f15394000-7f9f15396000 r--p 0001b000 fd:00 2491048                    /home/wxuser/develop/ide/GoLand-2021.1.3/jbr/lib/libjimage.so
7f9f15396000-7f9f15397000 rw-p 0001d000 fd:00 2491048                    /home/wxuser/develop/ide/GoLand-2021.1.3/jbr/lib/libjimage.so
7f9f15397000-7f9f153c0000 r-xp 00000000 fd:00 2491043                    /home/wxuser/develop/ide/GoLand-2021.1.3/jbr/lib/libjava.so
7f9f153c0000-7f9f155c0000 ---p 00029000 fd:00 2491043                    /home/wxuser/develop/ide/GoLand-2021.1.3/jbr/lib/libjava.so
7f9f155c0000-7f9f155c1000 r--p 00029000 fd:00 2491043                    /home/wxuser/develop/ide/GoLand-2021.1.3/jbr/lib/libjava.so
7f9f155c1000-7f9f155c2000 rw-p 0002a000 fd:00 2491043                    /home/wxuser/develop/ide/GoLand-2021.1.3/jbr/lib/libjava.so
7f9f155c2000-7f9f155c3000 rw-p 00000000 00:00 0 
7f9f155c3000-7f9f155d0000 r-xp 00000000 fd:00 2491072                    /home/wxuser/develop/ide/GoLand-2021.1.3/jbr/lib/libverify.so
7f9f155d0000-7f9f157cf000 ---p 0000d000 fd:00 2491072                    /home/wxuser/develop/ide/GoLand-2021.1.3/jbr/lib/libverify.so
7f9f157cf000-7f9f157d1000 r--p 0000c000 fd:00 2491072                    /home/wxuser/develop/ide/GoLand-2021.1.3/jbr/lib/libverify.so
7f9f157d1000-7f9f157d2000 rw-p 00000000 00:00 0 
7f9f157d2000-7f9f157d9000 r-xp 00000000 fd:00 2364930                    /lib/x86_64-linux-gnu/librt-2.27.so
7f9f157d9000-7f9f159d8000 ---p 00007000 fd:00 2364930                    /lib/x86_64-linux-gnu/librt-2.27.so
7f9f159d8000-7f9f159d9000 r--p 00006000 fd:00 2364930                    /lib/x86_64-linux-gnu/librt-2.27.so
7f9f159d9000-7f9f159da000 rw-p 00007000 fd:00 2364930                    /lib/x86_64-linux-gnu/librt-2.27.so
7f9f159da000-7f9f15b77000 r-xp 00000000 fd:00 2364852                    /lib/x86_64-linux-gnu/libm-2.27.so
7f9f15b77000-7f9f15d76000 ---p 0019d000 fd:00 2364852                    /lib/x86_64-linux-gnu/libm-2.27.so
7f9f15d76000-7f9f15d77000 r--p 0019c000 fd:00 2364852                    /lib/x86_64-linux-gnu/libm-2.27.so
7f9f15d77000-7f9f15d78000 rw-p 0019d000 fd:00 2364852                    /lib/x86_64-linux-gnu/libm-2.27.so
7f9f15d78000-7f9f16eb9000 r-xp 00000000 fd:00 2492488                    /home/wxuser/develop/ide/GoLand-2021.1.3/jbr/lib/server/libjvm.so
7f9f16eb9000-7f9f170b9000 ---p 01141000 fd:00 2492488                    /home/wxuser/develop/ide/GoLand-2021.1.3/jbr/lib/server/libjvm.so
7f9f170b9000-7f9f1717c000 r--p 01141000 fd:00 2492488                    /home/wxuser/develop/ide/GoLand-2021.1.3/jbr/lib/server/libjvm.so
7f9f1717c000-7f9f171b7000 rw-p 01204000 fd:00 2492488                    /home/wxuser/develop/ide/GoLand-2021.1.3/jbr/lib/server/libjvm.so
7f9f171b7000-7f9f1720e000 rw-p 00000000 00:00 0 
7f9f1720e000-7f9f173f5000 r-xp 00000000 fd:00 2364789                    /lib/x86_64-linux-gnu/libc-2.27.so
7f9f173f5000-7f9f175f5000 ---p 001e7000 fd:00 2364789                    /lib/x86_64-linux-gnu/libc-2.27.so
7f9f175f5000-7f9f175f9000 r--p 001e7000 fd:00 2364789                    /lib/x86_64-linux-gnu/libc-2.27.so
7f9f175f9000-7f9f175fb000 rw-p 001eb000 fd:00 2364789                    /lib/x86_64-linux-gnu/libc-2.27.so
7f9f175fb000-7f9f175ff000 rw-p 00000000 00:00 0 
7f9f175ff000-7f9f17602000 r-xp 00000000 fd:00 2364812                    /lib/x86_64-linux-gnu/libdl-2.27.so
7f9f17602000-7f9f17801000 ---p 00003000 fd:00 2364812                    /lib/x86_64-linux-gnu/libdl-2.27.so
7f9f17801000-7f9f17802000 r--p 00002000 fd:00 2364812                    /lib/x86_64-linux-gnu/libdl-2.27.so
7f9f17802000-7f9f17803000 rw-p 00003000 fd:00 2364812                    /lib/x86_64-linux-gnu/libdl-2.27.so
7f9f17803000-7f9f17812000 r-xp 00000000 fd:00 2491024                    /home/wxuser/develop/ide/GoLand-2021.1.3/jbr/lib/jli/libjli.so
7f9f17812000-7f9f17a11000 ---p 0000f000 fd:00 2491024                    /home/wxuser/develop/ide/GoLand-2021.1.3/jbr/lib/jli/libjli.so
7f9f17a11000-7f9f17a12000 r--p 0000e000 fd:00 2491024                    /home/wxuser/develop/ide/GoLand-2021.1.3/jbr/lib/jli/libjli.so
7f9f17a12000-7f9f17a13000 rw-p 0000f000 fd:00 2491024                    /home/wxuser/develop/ide/GoLand-2021.1.3/jbr/lib/jli/libjli.so
7f9f17a13000-7f9f17a2d000 r-xp 00000000 fd:00 2364922                    /lib/x86_64-linux-gnu/libpthread-2.27.so
7f9f17a2d000-7f9f17c2c000 ---p 0001a000 fd:00 2364922                    /lib/x86_64-linux-gnu/libpthread-2.27.so
7f9f17c2c000-7f9f17c2d000 r--p 00019000 fd:00 2364922                    /lib/x86_64-linux-gnu/libpthread-2.27.so
7f9f17c2d000-7f9f17c2e000 rw-p 0001a000 fd:00 2364922                    /lib/x86_64-linux-gnu/libpthread-2.27.so
7f9f17c2e000-7f9f17c32000 rw-p 00000000 00:00 0 
7f9f17c32000-7f9f17c4e000 r-xp 00000000 fd:00 2364961                    /lib/x86_64-linux-gnu/libz.so.1.2.11
7f9f17c4e000-7f9f17e4d000 ---p 0001c000 fd:00 2364961                    /lib/x86_64-linux-gnu/libz.so.1.2.11
7f9f17e4d000-7f9f17e4e000 r--p 0001b000 fd:00 2364961                    /lib/x86_64-linux-gnu/libz.so.1.2.11
7f9f17e4e000-7f9f17e4f000 rw-p 0001c000 fd:00 2364961                    /lib/x86_64-linux-gnu/libz.so.1.2.11
7f9f17e4f000-7f9f17e76000 r-xp 00000000 fd:00 2364761                    /lib/x86_64-linux-gnu/ld-2.27.so
7f9f17ed9000-7f9f17f5a000 rw-p 00000000 00:00 0 
7f9f17f5a000-7f9f17f5e000 ---p 00000000 00:00 0 
7f9f17f5e000-7f9f1805f000 rw-p 00000000 00:00 0 
7f9f18060000-7f9f18065000 rw-p 00000000 00:00 0 
7f9f18065000-7f9f1806c000 ---p 00000000 00:00 0 
7f9f1806c000-7f9f18074000 rw-s 00000000 fd:00 403683                     /tmp/hsperfdata_wxuser/40742
7f9f18074000-7f9f18075000 ---p 00000000 00:00 0 
7f9f18075000-7f9f18076000 r--p 00000000 00:00 0 
7f9f18076000-7f9f18077000 r--p 00027000 fd:00 2364761                    /lib/x86_64-linux-gnu/ld-2.27.so
7f9f18077000-7f9f18078000 rw-p 00028000 fd:00 2364761                    /lib/x86_64-linux-gnu/ld-2.27.so
7f9f18078000-7f9f18079000 rw-p 00000000 00:00 0 
7ffd76fcb000-7ffd76fec000 rw-p 00000000 00:00 0                          [stack]
7ffd76ff2000-7ffd76ff5000 r--p 00000000 00:00 0                          [vvar]
7ffd76ff5000-7ffd76ff6000 r-xp 00000000 00:00 0                          [vdso]
ffffffffff600000-ffffffffff601000 r-xp 00000000 00:00 0                  [vsyscall]


VM Arguments:
java_command: org.jetbrains.git4idea.http.GitAskPassApp Username for 'https://git-c.i.wxblockchain.com': 
java_class_path (initial): /home/wxuser/develop/ide/GoLand-2021.1.3/plugins/git4idea/lib/git4idea-rt.jar:/home/wxuser/develop/ide/GoLand-2021.1.3/lib/xmlrpc-2.0.1.jar:/home/wxuser/develop/ide/GoLand-2021.1.3/lib/commons-codec-1.15.jar
Launcher Type: SUN_STANDARD

[Global flags]
     intx CICompilerCount                          = 4                                         {product} {ergonomic}
     uint ConcGCThreads                            = 2                                         {product} {ergonomic}
     uint G1ConcRefinementThreads                  = 8                                         {product} {ergonomic}
   size_t G1HeapRegionSize                         = 1048576                                   {product} {ergonomic}
    uintx GCDrainStackTargetSize                   = 64                                        {product} {ergonomic}
   size_t InitialHeapSize                          = 132120576                                 {product} {ergonomic}
   size_t MarkStackSize                            = 4194304                                   {product} {ergonomic}
   size_t MaxHeapSize                              = 2084569088                                {product} {ergonomic}
   size_t MinHeapDeltaBytes                        = 1048576                                   {product} {ergonomic}
    uintx NonNMethodCodeHeapSize                   = 5836300                                {pd product} {ergonomic}
    uintx NonProfiledCodeHeapSize                  = 122910970                              {pd product} {ergonomic}
    uintx ProfiledCodeHeapSize                     = 122910970                              {pd product} {ergonomic}
    uintx ReservedCodeCacheSize                    = 251658240                              {pd product} {ergonomic}
     bool SegmentedCodeCache                       = true                                      {product} {ergonomic}
     bool UseCompressedClassPointers               = true                                 {lp64_product} {ergonomic}
     bool UseCompressedOops                        = true                                 {lp64_product} {ergonomic}
     bool UseG1GC                                  = true                                      {product} {ergonomic}

Logging:
Log output configuration:
 #0: stdout all=warning uptime,level,tags
 #1: stderr all=off uptime,level,tags

Environment Variables:
PATH=/opt/git/git-2.9.5/libexec/git-core:/usr/local/sbin:/usr/local/bin:/usr/sbin:/usr/bin:/sbin:/bin:/usr/games:/usr/local/games:/opt/gradle/inuse/bin:/opt/jdk/inuse/bin:/opt/git/git-2.9.5/bin:/opt/git/inuse/libexec/git-core:/snap/bin
SHELL=/usr/bin/zsh
DISPLAY=:0
LANG=zh_CN.utf8
LC_ALL=en_US.UTF-8

Signal Handlers:
SIGSEGV: [libjvm.so+0xe60450], sa_mask[0]=11111111011111111101111111111110, sa_flags=SA_RESTART|SA_SIGINFO
SIGBUS: [libjvm.so+0xe60450], sa_mask[0]=11111111011111111101111111111110, sa_flags=SA_RESTART|SA_SIGINFO
SIGFPE: [libjvm.so+0xe60450], sa_mask[0]=11111111011111111101111111111110, sa_flags=SA_RESTART|SA_SIGINFO
SIGPIPE: [libjvm.so+0xbb2ff0], sa_mask[0]=11111111011111111101111111111110, sa_flags=SA_RESTART|SA_SIGINFO
SIGXFSZ: [libjvm.so+0xbb2ff0], sa_mask[0]=11111111011111111101111111111110, sa_flags=SA_RESTART|SA_SIGINFO
SIGILL: [libjvm.so+0xe60450], sa_mask[0]=11111111011111111101111111111110, sa_flags=SA_RESTART|SA_SIGINFO
SIGUSR2: [libjvm.so+0xbb2e80], sa_mask[0]=00100000000000000000000000000000, sa_flags=SA_RESTART|SA_SIGINFO
SIGHUP: SIG_DFL, sa_mask[0]=00000000000000000000000000000000, sa_flags=none
SIGINT: SIG_DFL, sa_mask[0]=00000000000000000000000000000000, sa_flags=none
SIGTERM: SIG_DFL, sa_mask[0]=00000000000000000000000000000000, sa_flags=none
SIGQUIT: SIG_DFL, sa_mask[0]=00000000000000000000000000000000, sa_flags=none


---------------  S Y S T E M  ---------------

OS:DISTRIB_ID=Ubuntu
DISTRIB_RELEASE=18.04
DISTRIB_CODENAME=bionic
DISTRIB_DESCRIPTION="Ubuntu 18.04.3 LTS"
uname:Linux 5.0.0-37-generic #40~18.04.1-Ubuntu SMP Thu Nov 14 12:06:39 UTC 2019 x86_64
OS uptime: 20 days 23:33 hours
libc:glibc 2.27 NPTL 2.27 
rlimit (soft/hard): STACK 8192k/infinity , CORE 0k/infinity , NPROC 31606/31606 , NOFILE 1048576/1048576 , AS infinity/infinity , CPU infinity/infinity , DATA infinity/infinity , FSIZE infinity/infinity , MEMLOCK 16384k/16384k
load average:5.46 3.67 2.24

/proc/meminfo:
MemTotal:        8141488 kB
MemFree:          104252 kB
MemAvailable:      18520 kB
Buffers:            1564 kB
Cached:           332820 kB
SwapCached:         1796 kB
Active:          6696508 kB
Inactive:         848528 kB
Active(anon):    6683644 kB
Inactive(anon):   835580 kB
Active(file):      12864 kB
Inactive(file):    12948 kB
Unevictable:          80 kB
Mlocked:              80 kB
SwapTotal:       1003516 kB
SwapFree:              0 kB
Dirty:                32 kB
Writeback:             0 kB
AnonPages:       7209748 kB
Mapped:           266828 kB
Shmem:            307976 kB
KReclaimable:      76332 kB
Slab:             180352 kB
SReclaimable:      76332 kB
SUnreclaim:       104020 kB
KernelStack:       24400 kB
PageTables:       101044 kB
NFS_Unstable:          0 kB
Bounce:                0 kB
WritebackTmp:          0 kB
CommitLimit:     5074260 kB
Committed_AS:   21353764 kB
VmallocTotal:   34359738367 kB
VmallocUsed:           0 kB
VmallocChunk:          0 kB
Percpu:            41984 kB
HardwareCorrupted:     0 kB
AnonHugePages:    913408 kB
ShmemHugePages:        0 kB
ShmemPmdMapped:        0 kB
CmaTotal:              0 kB
CmaFree:               0 kB
HugePages_Total:       0
HugePages_Free:        0
HugePages_Rsvd:        0
HugePages_Surp:        0
Hugepagesize:       2048 kB
Hugetlb:               0 kB
DirectMap4k:      452416 kB
DirectMap2M:     7936000 kB
DirectMap1G:     2097152 kB

/sys/kernel/mm/transparent_hugepage/enabled:
always [madvise] never
/sys/kernel/mm/transparent_hugepage/defrag (defrag/compaction efforts parameter):
always defer defer+madvise [madvise] never

Process Memory:
Virtual Size: 2668192K (peak: 2817928K)
Resident Set Size: 8636K (peak: 12000K) (anon: 5964K, file: 2672K, shmem: 0K)
Swapped out: 0K
C-Heap outstanding allocations: 747K

/proc/sys/kernel/threads-max (system-wide limit on the number of threads):
63212
/proc/sys/vm/max_map_count (maximum number of memory map areas a process may have):
65530
/proc/sys/kernel/pid_max (system-wide limit on number of process identifiers):
131072

container (cgroup) information:
container_type: cgroupv1
cpu_cpuset_cpus: 0-7
cpu_memory_nodes: 0
active_processor_count: 8
cpu_quota: -1
cpu_period: 100000
cpu_shares: -1
memory_limit_in_bytes: -1
memory_and_swap_limit_in_bytes: -2
memory_soft_limit_in_bytes: -1
memory_usage_in_bytes: 7725510656
memory_max_usage_in_bytes: 22458732544

VMWare virtualization detected
Steal ticks since vm start: 0
Steal ticks percentage since vm start:  0.000

CPU:total 8 (initial active 8) (2 cores per cpu, 1 threads per core) family 6 model 79 stepping 0 microcode 0xb00001f, cmov, cx8, fxsr, mmx, sse, sse2, sse3, ssse3, sse4.1, sse4.2, popcnt, avx, avx2, aes, clmul, erms, rtm, 3dnowpref, lzcnt, tsc, tscinvbit, bmi1, bmi2, adx, fma
CPU Model and flags from /proc/cpuinfo:
model name	: Intel(R) Xeon(R) CPU E5-2650 v4 @ 2.20GHz
flags		: fpu vme de pse tsc msr pae mce cx8 apic sep mtrr pge mca cmov pat pse36 clflush dts mmx fxsr sse sse2 ss ht syscall nx pdpe1gb rdtscp lm constant_tsc arch_perfmon pebs bts nopl xtopology tsc_reliable nonstop_tsc cpuid aperfmperf pni pclmulqdq ssse3 fma cx16 pcid sse4_1 sse4_2 x2apic movbe popcnt tsc_deadline_timer aes xsave avx f16c rdrand hypervisor lahf_lm abm 3dnowprefetch cpuid_fault epb invpcid_single pti fsgsbase tsc_adjust bmi1 hle avx2 smep bmi2 invpcid rtm rdseed adx smap xsaveopt dtherm ida arat pln pts
Online cpus:
0-7
Offline cpus:
8-127
BIOS frequency limitation:
<Not Available>
Frequency switch latency (ns):
<Not Available>
Available cpu frequencies:
<Not Available>
Current governor:
<Not Available>
Core performance/turbo boost:
<Not Available>

Memory: 4k page, physical 8141488k(102984k free), swap 1003516k(0k free)

vm_info: OpenJDK 64-Bit Server VM (11.0.11+9-b1341.57) for linux-amd64 JRE (11.0.11+9-b1341.57), built on May 17 2021 11:16:24 by "" with gcc 8.3.1 20190311 (Red Hat 8.3.1-3)

END.
